
Due to MODULEPATH changes, the following have been reloaded:
  1) zlib/.1.2.8

mpicc -o allgatherv allgatherv.c -Wall
0: vmp1016
1: vmp1016
BEFORE***   rank: 0 i: 0 xx[i]: 0.000000
BEFORE***   rank: 0 i: 1 xx[i]: 1.000000
BEFORE***   rank: 0 i: 2 xx[i]: 2.000000
BEFORE***   rank: 0 i: 3 xx[i]: 3.000000
BEFORE***   rank: 0 i: 4 xx[i]: 4.000000
BEFORE***   rank: 1 i: 0 xx[i]: -0.000000
BEFORE***   rank: 1 i: 1 xx[i]: -1.000000
BEFORE***   rank: 1 i: 2 xx[i]: -2.000000
BEFORE***   rank: 1 i: 3 xx[i]: -3.000000
BEFORE***   rank: 1 i: 4 xx[i]: -4.000000
AFTER***  rank: 1 i: 0 xx[i]: 0.000000
AFTER***  rank: 1 i: 1 xx[i]: 1.000000
AFTER***  rank: 1 i: 2 xx[i]: 2.000000
AFTER***  rank: 1 i: 3 xx[i]: -3.000000
AFTER***  rank: 1 i: 4 xx[i]: -4.000000
AFTER***  rank: 0 i: 0 xx[i]: 0.000000
AFTER***  rank: 0 i: 1 xx[i]: 1.000000
AFTER***  rank: 0 i: 2 xx[i]: 2.000000
AFTER***  rank: 0 i: 3 xx[i]: -3.000000
AFTER***  rank: 0 i: 4 xx[i]: -4.000000
